2020-05-06 04:28:14 Trying to get property 'id' of non-object: #0 C:\wamp\www\invoiceninja\app\Http\Requests\UpdateLocationRequest.php(24): Illuminate\Foundation\Bootstrap\HandleExceptions->handleError(8, 'Trying to get p...', 'C:\\wamp\\www\\inv...', 24, Array)
#1 [internal function]: App\Http\Requests\UpdateLocationRequest->rules()
#2 C:\wamp\www\invoiceninja\vendor\laravel\framework\src\Illuminate\Container\BoundMethod.php(29): call_user_func_array(Array, Array)
#3 C:\wamp\www\invoiceninja\vendor\laravel\framework\src\Illuminate\Container\BoundMethod.php(87): Illuminate\Container\BoundMethod::Illuminate\Container\{closure}()
#4 C:\wamp\www\invoiceninja\vendor\laravel\framework\src\Illuminate\Container\BoundMethod.php(31): Illuminate\Container\BoundMethod::callBoundMethod(Object(Illuminate\Foundation\Application), Array, Object(Closure))
#5 C:\wamp\www\invoiceninja\vendor\laravel\framework\src\Illuminate\Container\Container.php(549): Illuminate\Container\BoundMethod::call(Object(Illuminate\Foundation\Application), Array, Array, NULL)
#6 C:\wamp\www\invoiceninja\vendor\laravel\framework\src\Illuminate\Foundation\Http\FormRequest.php(92): Illuminate\Container\Container->call(Array)
#7 C:\wamp\www\invoiceninja\vendor\laravel\framework\src\Illuminate\Foundation\Http\FormRequest.php(73): Illuminate\Foundation\Http\FormRequest->createDefaultValidator(Object(Illuminate\Validation\Factory))
#8 C:\wamp\www\invoiceninja\vendor\laravel\framework\src\Illuminate\Validation\ValidatesWhenResolvedTrait.php(19): Illuminate\Foundation\Http\FormRequest->getValidatorInstance()
#9 C:\wamp\www\invoiceninja\vendor\laravel\framework\src\Illuminate\Foundation\Providers\FormRequestServiceProvider.php(31): Illuminate\Foundation\Http\FormRequest->validate()
#10 C:\wamp\www\invoiceninja\vendor\laravel\framework\src\Illuminate\Container\Container.php(1042): Illuminate\Foundation\Providers\FormRequestServiceProvider->Illuminate\Foundation\Providers\{closure}(Object(App\Http\Requests\UpdateLocationRequest), Object(Illuminate\Foundation\Application))
#11 C:\wamp\www\invoiceninja\vendor\laravel\framework\src\Illuminate\Container\Container.php(1006): Illuminate\Container\Container->fireCallbackArray(Object(App\Http\Requests\UpdateLocationRequest), Array)
#12 C:\wamp\www\invoiceninja\vendor\laravel\framework\src\Illuminate\Container\Container.php(991): Illuminate\Container\Container->fireAfterResolvingCallbacks('App\\Http\\Reques...', Object(App\Http\Requests\UpdateLocationRequest))
#13 C:\wamp\www\invoiceninja\vendor\laravel\framework\src\Illuminate\Container\Container.php(650): Illuminate\Container\Container->fireResolvingCallbacks('App\\Http\\Reques...', Object(App\Http\Requests\UpdateLocationRequest))
#14 C:\wamp\www\invoiceninja\vendor\laravel\framework\src\Illuminate\Container\Container.php(586): Illuminate\Container\Container->resolve('App\\Http\\Reques...', Array)
#15 C:\wamp\www\invoiceninja\vendor\laravel\framework\src\Illuminate\Foundation\Application.php(732): Illuminate\Container\Container->make('App\\Http\\Reques...', Array)
#16 C:\wamp\www\invoiceninja\vendor\laravel\framework\src\Illuminate\Routing\RouteDependencyResolverTrait.php(79): Illuminate\Foundation\Application->make('App\\Http\\Reques...')
#17 C:\wamp\www\invoiceninja\vendor\laravel\framework\src\Illuminate\Routing\RouteDependencyResolverTrait.php(46): Illuminate\Routing\ControllerDispatcher->transformDependency(Object(ReflectionParameter), Array)
#18 C:\wamp\www\invoiceninja\vendor\laravel\framework\src\Illuminate\Routing\RouteDependencyResolverTrait.php(27): Illuminate\Routing\ControllerDispatcher->resolveMethodDependencies(Array, Object(ReflectionMethod))
#19 C:\wamp\www\invoiceninja\vendor\laravel\framework\src\Illuminate\Routing\ControllerDispatcher.php(41): Illuminate\Routing\ControllerDispatcher->resolveClassMethodDependencies(Array, Object(App\Http\Controllers\LocationController), 'update')
#20 C:\wamp\www\invoiceninja\vendor\laravel\framework\src\Illuminate\Routing\Route.php(212): Illuminate\Routing\ControllerDispatcher->dispatch(Object(Illuminate\Routing\Route), Object(App\Http\Controllers\LocationController), 'update')
#21 C:\wamp\www\invoiceninja\vendor\laravel\framework\src\Illuminate\Routing\Route.php(169): Illuminate\Routing\Route->runController()
#22 C:\wamp\www\invoiceninja\vendor\laravel\framework\src\Illuminate\Routing\Router.php(658): Illuminate\Routing\Route->run()
#23 C:\wamp\www\invoiceninja\vendor\laravel\framework\src\Illuminate\Routing\Pipeline.php(30): Illuminate\Routing\Router->Illuminate\Routing\{closure}(Object(Illuminate\Http\Request))
#24 C:\wamp\www\invoiceninja\app\Http\Middleware\Authenticate.php(114): Illuminate\Routing\Pipeline->Illuminate\Routing\{closure}(Object(Illuminate\Http\Request))
#25 C:\wamp\www\invoiceninja\vendor\laravel\framework\src\Illuminate\Pipeline\Pipeline.php(149): App\Http\Middleware\Authenticate->handle(Object(Illuminate\Http\Request), Object(Closure), 'user')
#26 C:\wamp\www\invoiceninja\vendor\laravel\framework\src\Illuminate\Routing\Pipeline.php(53): Illuminate\Pipeline\Pipeline->Illuminate\Pipeline\{closure}(Object(Illuminate\Http\Request))
#27 C:\wamp\www\invoiceninja\app\Http\Middleware\DatabaseLookup.php(21): Illuminate\Routing\Pipeline->Illuminate\Routing\{closure}(Object(Illuminate\Http\Request))
#28 C:\wamp\www\invoiceninja\vendor\laravel\framework\src\Illuminate\Pipeline\Pipeline.php(149): App\Http\Middleware\DatabaseLookup->handle(Object(Illuminate\Http\Request), Object(Closure), 'user')
#29 C:\wamp\www\invoiceninja\vendor\laravel\framework\src\Illuminate\Routing\Pipeline.php(53): Illuminate\Pipeline\Pipeline->Illuminate\Pipeline\{closure}(Object(Illuminate\Http\Request))
#30 C:\wamp\www\invoiceninja\app\Http\Middleware\StartupCheck.php(232): Illuminate\Routing\Pipeline->Illuminate\Routing\{closure}(Object(Illuminate\Http\Request))
#31 C:\wamp\www\invoiceninja\vendor\laravel\framework\src\Illuminate\Pipeline\Pipeline.php(149): App\Http\Middleware\StartupCheck->handle(Object(Illuminate\Http\Request), Object(Closure))
#32 C:\wamp\www\invoiceninja\vendor\laravel\framework\src\Illuminate\Routing\Pipeline.php(53): Illuminate\Pipeline\Pipeline->Illuminate\Pipeline\{closure}(Object(Illuminate\Http\Request))
#33 C:\wamp\www\invoiceninja\app\Http\Middleware\QueryLogging.php(24): Illuminate\Routing\Pipeline->Illuminate\Routing\{closure}(Object(Illuminate\Http\Request))
#34 C:\wamp\www\invoiceninja\vendor\laravel\framework\src\Illuminate\Pipeline\Pipeline.php(149): App\Http\Middleware\QueryLogging->handle(Object(Illuminate\Http\Request), Object(Closure))
#35 C:\wamp\www\invoiceninja\vendor\laravel\framework\src\Illuminate\Routing\Pipeline.php(53): Illuminate\Pipeline\Pipeline->Illuminate\Pipeline\{closure}(Object(Illuminate\Http\Request))
#36 C:\wamp\www\invoiceninja\app\Http\Middleware\DuplicateSubmissionCheck.php(35): Illuminate\Routing\Pipeline->Illuminate\Routing\{closure}(Object(Illuminate\Http\Request))
#37 C:\wamp\www\invoiceninja\vendor\laravel\framework\src\Illuminate\Pipeline\Pipeline.php(149): App\Http\Middleware\DuplicateSubmissionCheck->handle(Object(Illuminate\Http\Request), Object(Closure))
#38 C:\wamp\www\invoiceninja\vendor\laravel\framework\src\Illuminate\Routing\Pipeline.php(53): Illuminate\Pipeline\Pipeline->Illuminate\Pipeline\{closure}(Object(Illuminate\Http\Request))
#39 C:\wamp\www\invoiceninja\vendor\laravel\framework\src\Illuminate\Foundation\Http\Middleware\TransformsRequest.php(30): Illuminate\Routing\Pipeline->Illuminate\Routing\{closure}(Object(Illuminate\Http\Request))
#40 C:\wamp\www\invoiceninja\vendor\laravel\framework\src\Illuminate\Pipeline\Pipeline.php(149): Illuminate\Foundation\Http\Middleware\TransformsRequest->handle(Object(Illuminate\Http\Request), Object(Closure))
#41 C:\wamp\www\invoiceninja\vendor\laravel\framework\src\Illuminate\Routing\Pipeline.php(53): Illuminate\Pipeline\Pipeline->Illuminate\Pipeline\{closure}(Object(Illuminate\Http\Request))
#42 C:\wamp\www\invoiceninja\vendor\laravel\framework\src\Illuminate\Foundation\Http\Middleware\VerifyCsrfToken.php(68): Illuminate\Routing\Pipeline->Illuminate\Routing\{closure}(Object(Illuminate\Http\Request))
#43 C:\wamp\www\invoiceninja\app\Http\Middleware\VerifyCsrfToken.php(34): Illuminate\Foundation\Http\Middleware\VerifyCsrfToken->handle(Object(Illuminate\Http\Request), Object(Closure))
#44 C:\wamp\www\invoiceninja\vendor\laravel\framework\src\Illuminate\Pipeline\Pipeline.php(149): App\Http\Middleware\VerifyCsrfToken->handle(Object(Illuminate\Http\Request), Object(Closure))
#45 C:\wamp\www\invoiceninja\vendor\laravel\framework\src\Illuminate\Routing\Pipeline.php(53): Illuminate\Pipeline\Pipeline->Illuminate\Pipeline\{closure}(Object(Illuminate\Http\Request))
#46 C:\wamp\www\invoiceninja\vendor\laravel\framework\src\Illuminate\View\Middleware\ShareErrorsFromSession.php(49): Illuminate\Routing\Pipeline->Illuminate\Routing\{closure}(Object(Illuminate\Http\Request))
#47 C:\wamp\www\invoiceninja\vendor\laravel\framework\src\Illuminate\Pipeline\Pipeline.php(149): Illuminate\View\Middleware\ShareErrorsFromSession->handle(Object(Illuminate\Http\Request), Object(Closure))
#48 C:\wamp\www\invoiceninja\vendor\laravel\framework\src\Illuminate\Routing\Pipeline.php(53): Illuminate\Pipeline\Pipeline->Illuminate\Pipeline\{closure}(Object(Illuminate\Http\Request))
#49 C:\wamp\www\invoiceninja\vendor\laravel\framework\src\Illuminate\Session\Middleware\StartSession.php(63): Illuminate\Routing\Pipeline->Illuminate\Routing\{closure}(Object(Illuminate\Http\Request))
#50 C:\wamp\www\invoiceninja\vendor\laravel\framework\src\Illuminate\Pipeline\Pipeline.php(149): Illuminate\Session\Middleware\StartSession->handle(Object(Illuminate\Http\Request), Object(Closure))
#51 C:\wamp\www\invoiceninja\vendor\laravel\framework\src\Illuminate\Routing\Pipeline.php(53): Illuminate\Pipeline\Pipeline->Illuminate\Pipeline\{closure}(Object(Illuminate\Http\Request))
#52 C:\wamp\www\invoiceninja\vendor\laravel\framework\src\Illuminate\Cookie\Middleware\AddQueuedCookiesToResponse.php(37): Illuminate\Routing\Pipeline->Illuminate\Routing\{closure}(Object(Illuminate\Http\Request))
#53 C:\wamp\www\invoiceninja\vendor\laravel\framework\src\Illuminate\Pipeline\Pipeline.php(149): Illuminate\Cookie\Middleware\AddQueuedCookiesToResponse->handle(Object(Illuminate\Http\Request), Object(Closure))
#54 C:\wamp\www\invoiceninja\vendor\laravel\framework\src\Illuminate\Routing\Pipeline.php(53): Illuminate\Pipeline\Pipeline->Illuminate\Pipeline\{closure}(Object(Illuminate\Http\Request))
#55 C:\wamp\www\invoiceninja\vendor\laravel\framework\src\Illuminate\Cookie\Middleware\EncryptCookies.php(66): Illuminate\Routing\Pipeline->Illuminate\Routing\{closure}(Object(Illuminate\Http\Request))
#56 C:\wamp\www\invoiceninja\vendor\laravel\framework\src\Illuminate\Pipeline\Pipeline.php(149): Illuminate\Cookie\Middleware\EncryptCookies->handle(Object(Illuminate\Http\Request), Object(Closure))
#57 C:\wamp\www\invoiceninja\vendor\laravel\framework\src\Illuminate\Routing\Pipeline.php(53): Illuminate\Pipeline\Pipeline->Illuminate\Pipeline\{closure}(Object(Illuminate\Http\Request))
#58 C:\wamp\www\invoiceninja\vendor\laravel\framework\src\Illuminate\Pipeline\Pipeline.php(102): Illuminate\Routing\Pipeline->Illuminate\Routing\{closure}(Object(Illuminate\Http\Request))
#59 C:\wamp\www\invoiceninja\vendor\laravel\framework\src\Illuminate\Routing\Router.php(660): Illuminate\Pipeline\Pipeline->then(Object(Closure))
#60 C:\wamp\www\invoiceninja\vendor\laravel\framework\src\Illuminate\Routing\Router.php(635): Illuminate\Routing\Router->runRouteWithinStack(Object(Illuminate\Routing\Route), Object(Illuminate\Http\Request))
#61 C:\wamp\www\invoiceninja\vendor\laravel\framework\src\Illuminate\Routing\Router.php(601): Illuminate\Routing\Router->runRoute(Object(Illuminate\Http\Request), Object(Illuminate\Routing\Route))
#62 C:\wamp\www\invoiceninja\vendor\laravel\framework\src\Illuminate\Routing\Router.php(590): Illuminate\Routing\Router->dispatchToRoute(Object(Illuminate\Http\Request))
#63 C:\wamp\www\invoiceninja\vendor\laravel\framework\src\Illuminate\Foundation\Http\Kernel.php(176): Illuminate\Routing\Router->dispatch(Object(Illuminate\Http\Request))
#64 C:\wamp\www\invoiceninja\vendor\laravel\framework\src\Illuminate\Routing\Pipeline.php(30): Illuminate\Foundation\Http\Kernel->Illuminate\Foundation\Http\{closure}(Object(Illuminate\Http\Request))
#65 C:\wamp\www\invoiceninja\vendor\barryvdh\laravel-debugbar\src\Middleware\Debugbar.php(51): Illuminate\Routing\Pipeline->Illuminate\Routing\{closure}(Object(Illuminate\Http\Request))
#66 C:\wamp\www\invoiceninja\vendor\laravel\framework\src\Illuminate\Pipeline\Pipeline.php(149): Barryvdh\Debugbar\Middleware\Debugbar->handle(Object(Illuminate\Http\Request), Object(Closure))
#67 C:\wamp\www\invoiceninja\vendor\laravel\framework\src\Illuminate\Routing\Pipeline.php(53): Illuminate\Pipeline\Pipeline->Illuminate\Pipeline\{closure}(Object(Illuminate\Http\Request))
#68 C:\wamp\www\invoiceninja\vendor\laravel\framework\src\Illuminate\Foundation\Http\Middleware\CheckForMaintenanceMode.php(46): Illuminate\Routing\Pipeline->Illuminate\Routing\{closure}(Object(Illuminate\Http\Request))
#69 C:\wamp\www\invoiceninja\vendor\laravel\framework\src\Illuminate\Pipeline\Pipeline.php(149): Illuminate\Foundation\Http\Middleware\CheckForMaintenanceMode->handle(Object(Illuminate\Http\Request), Object(Closure))
#70 C:\wamp\www\invoiceninja\vendor\laravel\framework\src\Illuminate\Routing\Pipeline.php(53): Illuminate\Pipeline\Pipeline->Illuminate\Pipeline\{closure}(Object(Illuminate\Http\Request))
#71 C:\wamp\www\invoiceninja\vendor\barryvdh\laravel-cors\src\HandlePreflight.php(46): Illuminate\Routing\Pipeline->Illuminate\Routing\{closure}(Object(Illuminate\Http\Request))
#72 C:\wamp\www\invoiceninja\vendor\laravel\framework\src\Illuminate\Pipeline\Pipeline.php(149): Barryvdh\Cors\HandlePreflight->handle(Object(Illuminate\Http\Request), Object(Closure))
#73 C:\wamp\www\invoiceninja\vendor\laravel\framework\src\Illuminate\Routing\Pipeline.php(53): Illuminate\Pipeline\Pipeline->Illuminate\Pipeline\{closure}(Object(Illuminate\Http\Request))
#74 C:\wamp\www\invoiceninja\vendor\laravel\framework\src\Illuminate\Pipeline\Pipeline.php(102): Illuminate\Routing\Pipeline->Illuminate\Routing\{closure}(Object(Illuminate\Http\Request))
#75 C:\wamp\www\invoiceninja\vendor\laravel\framework\src\Illuminate\Foundation\Http\Kernel.php(151): Illuminate\Pipeline\Pipeline->then(Object(Closure))
#76 C:\wamp\www\invoiceninja\vendor\laravel\framework\src\Illuminate\Foundation\Http\Kernel.php(116): Illuminate\Foundation\Http\Kernel->sendRequestThroughRouter(Object(Illuminate\Http\Request))
#77 C:\wamp\www\invoiceninja\public\index.php(51): Illuminate\Foundation\Http\Kernel->handle(Object(Illuminate\Http\Request))
#78 C:\wamp\www\invoiceninja\server.php(21): require_once('C:\\wamp\\www\\inv...')
#79 {main}

